  wrapper_pybind11_joinery_solver.cpp
C:\Program Files\Microsoft Visual Studio\2022\Community\VC\Tools\MSVC\14.31.31103\include\utility(190,16): warning C4244: 'initializing': conversion from 'size_t' to '_Ty1', possible loss of data
          with
          [
              _Ty1=double
          ]
C:\IBOIS57\_Code\Software\Python\compas_wood\src\joinery_solver_element.h(829): message : see reference to function template instantiation 'std::pair<double,double>::pair<size_t&,size_t&,0>(_Other1,_Other2) noexcept' being compiled
          with
          [
              _Other1=size_t &,
              _Other2=size_t &
          ]
C:\IBOIS57\_Code\Software\Python\compas_wood\src\joinery_solver_element.h(829): message : see reference to function template instantiation 'std::pair<double,double>::pair<size_t&,size_t&,0>(_Other1,_Other2) noexcept' being compiled
          with
          [
              _Other1=size_t &,
              _Other2=size_t &
          ]
C:\Program Files\Microsoft Visual Studio\2022\Community\VC\Tools\MSVC\14.31.31103\include\utility(190,54): warning C4244: 'initializing': conversion from 'size_t' to '_Ty2', possible loss of data
          with
          [
              _Ty2=double
          ]
C:\Program Files\Microsoft Visual Studio\2022\Community\VC\Tools\MSVC\14.31.31103\include\xmemory(680,68): warning C4244: 'argument': conversion from '_Ty' to 'int', possible loss of data
          with
          [
              _Ty=double
          ]
C:\Program Files\Microsoft Visual Studio\2022\Community\VC\Tools\MSVC\14.31.31103\include\vector(602): message : see reference to function template instantiation 'void std::_Default_allocator_traits<_Alloc>::construct<_Ty,double>(_Alloc &,_Objty *const ,double &&)' being compiled
          with
          [
              _Alloc=std::allocator<element>,
              _Ty=element,
              _Objty=element
          ]
C:\Program Files\Microsoft Visual Studio\2022\Community\VC\Tools\MSVC\14.31.31103\include\vector(607): message : see reference to function template instantiation 'void std::_Default_allocator_traits<_Alloc>::construct<_Ty,double>(_Alloc &,_Objty *const ,double &&)' being compiled
          with
          [
              _Alloc=std::allocator<element>,
              _Ty=element,
              _Objty=element
          ]
C:\Program Files\Microsoft Visual Studio\2022\Community\VC\Tools\MSVC\14.31.31103\include\vector(620): message : see reference to function template instantiation '_Ty &std::vector<_Ty,std::allocator<_Ty>>::_Emplace_back_with_unused_capacity<double>(double &&)' being compiled
          with
          [
              _Ty=element
          ]
C:\IBOIS57\_Code\Software\Python\compas_wood\src\joinery_solver_main.h(54): message : see reference to function template instantiation '_Ty &std::vector<_Ty,std::allocator<_Ty>>::emplace_back<double>(double &&)' being compiled
          with
          [
              _Ty=element
          ]
C:\Program Files\Microsoft Visual Studio\2022\Community\VC\Tools\MSVC\14.31.31103\include\tuple(621,40): warning C4244: '=': conversion from 'const _Ty' to '_Ty', possible loss of data
          with
          [
              _Ty=unsigned __int64
          ]
          and
          [
              _Ty=int
          ]
C:\Program Files\Microsoft Visual Studio\2022\Community\VC\Tools\MSVC\14.31.31103\include\tuple(620): message : see reference to function template instantiation 'std::tuple<int,int,int,int> &std::tuple<int,int,int,int>::operator =<unsigned __int64,unsigned __int64,unsigned __int64,unsigned __int64,0>(const std::tuple<unsigned __int64,unsigned __int64,unsigned __int64,unsigned __int64> &) noexcept' being compiled
C:\Program Files\Microsoft Visual Studio\2022\Community\VC\Tools\MSVC\14.31.31103\include\tuple(622): message : see reference to function template instantiation 'std::tuple<int,int,int,int> &std::tuple<int,int,int,int>::operator =<unsigned __int64,unsigned __int64,unsigned __int64,unsigned __int64,0>(const std::tuple<unsigned __int64,unsigned __int64,unsigned __int64,unsigned __int64> &) noexcept' being compiled
C:\IBOIS57\_Code\Software\Python\compas_wood\src\cgal_box_search.h(707): message : see reference to function template instantiation 'std::tuple<double,int,int,int,int> &std::tuple<double,int,int,int,int>::operator =<double,unsigned __int64,unsigned __int64,unsigned __int64,unsigned __int64,0>(const std::tuple<double,unsigned __int64,unsigned __int64,unsigned __int64,unsigned __int64> &) noexcept' being compiled
C:\IBOIS57\_Code\Software\Python\compas_wood\src\cgal_box_search.h(707): message : see reference to function template instantiation 'std::tuple<double,int,int,int,int> &std::tuple<double,int,int,int,int>::operator =<double,unsigned __int64,unsigned __int64,unsigned __int64,unsigned __int64,0>(const std::tuple<double,unsigned __int64,unsigned __int64,unsigned __int64,unsigned __int64> &) noexcept' being compiled
C:\Program Files\Microsoft Visual Studio\2022\Community\VC\Tools\MSVC\14.31.31103\include\tuple(158,1): warning C4267: 'initializing': conversion from 'size_t' to '_Ty', possible loss of data
          with
          [
              _Ty=int
          ]
C:\Program Files\Microsoft Visual Studio\2022\Community\VC\Tools\MSVC\14.31.31103\include\tuple(245): message : see reference to function template instantiation 'std::_Tuple_val<_This>::_Tuple_val<const _Ty&>(_Other)' being compiled
          with
          [
              _This=int,
              _Ty=size_t,
              _Other=const size_t &
          ]
C:\Program Files\Microsoft Visual Studio\2022\Community\VC\Tools\MSVC\14.31.31103\include\tuple(245): message : see reference to function template instantiation 'std::_Tuple_val<_This>::_Tuple_val<const _Ty&>(_Other)' being compiled
          with
          [
              _This=int,
              _Ty=size_t,
              _Other=const size_t &
          ]
C:\Program Files\Microsoft Visual Studio\2022\Community\VC\Tools\MSVC\14.31.31103\include\tuple(245): message : see reference to function template instantiation 'std::tuple<int,int,int,int>::tuple<std::_Exact_args_t,const _Ty&,const _Ty&,const _Ty&,const _Ty&,0>(_Tag,_This2,const _Ty &,const _Ty &,const _Ty &)' being compiled
          with
          [
              _Ty=size_t,
              _Tag=std::_Exact_args_t,
              _This2=const size_t &
          ]
C:\Program Files\Microsoft Visual Studio\2022\Community\VC\Tools\MSVC\14.31.31103\include\tuple(245): message : see reference to function template instantiation 'std::tuple<int,int,int,int>::tuple<std::_Exact_args_t,const _Ty&,const _Ty&,const _Ty&,const _Ty&,0>(_Tag,_This2,const _Ty &,const _Ty &,const _Ty &)' being compiled
          with
          [
              _Ty=size_t,
              _Tag=std::_Exact_args_t,
              _This2=const size_t &
          ]
C:\Program Files\Microsoft Visual Studio\2022\Community\VC\Tools\MSVC\14.31.31103\include\tuple(860): message : see reference to function template instantiation 'std::tuple<double,int,int,int,int>::tuple<std::_Exact_args_t,const double&,const unsigned __int64&,const unsigned __int64&,const unsigned __int64&,const unsigned __int64&,0>(_Tag,_This2,const unsigned __int64 &,const unsigned __int64 &,const unsigned __int64 &,const unsigned __int64 &)' being compiled
          with
          [
              _Tag=std::_Exact_args_t,
              _This2=const double &
          ]
C:\Program Files\Microsoft Visual Studio\2022\Community\VC\Tools\MSVC\14.31.31103\include\tuple(860): message : see reference to function template instantiation 'std::tuple<double,int,int,int,int>::tuple<std::_Exact_args_t,const double&,const unsigned __int64&,const unsigned __int64&,const unsigned __int64&,const unsigned __int64&,0>(_Tag,_This2,const unsigned __int64 &,const unsigned __int64 &,const unsigned __int64 &,const unsigned __int64 &)' being compiled
          with
          [
              _Tag=std::_Exact_args_t,
              _This2=const double &
          ]
C:\Program Files\Microsoft Visual Studio\2022\Community\VC\Tools\MSVC\14.31.31103\include\tuple(252): message : see reference to function template instantiation 'std::tuple<double,int,int,int,int>::tuple<std::_Unpack_tuple_t,const std::tuple<double,unsigned __int64,unsigned __int64,unsigned __int64,unsigned __int64>&,0,1,2,3,4,0>(_Tag,_Tpl,std::integer_sequence<size_t,0,1,2,3,4>)' being compiled
          with
          [
              _Tag=std::_Unpack_tuple_t,
              _Tpl=const std::tuple<double,unsigned __int64,unsigned __int64,unsigned __int64,unsigned __int64> &
          ]
C:\Program Files\Microsoft Visual Studio\2022\Community\VC\Tools\MSVC\14.31.31103\include\tuple(252): message : see reference to function template instantiation 'std::tuple<double,int,int,int,int>::tuple<std::_Unpack_tuple_t,const std::tuple<double,unsigned __int64,unsigned __int64,unsigned __int64,unsigned __int64>&,0,1,2,3,4,0>(_Tag,_Tpl,std::integer_sequence<size_t,0,1,2,3,4>)' being compiled
          with
          [
              _Tag=std::_Unpack_tuple_t,
              _Tpl=const std::tuple<double,unsigned __int64,unsigned __int64,unsigned __int64,unsigned __int64> &
          ]
C:\Program Files\Microsoft Visual Studio\2022\Community\VC\Tools\MSVC\14.31.31103\include\tuple(356): message : see reference to function template instantiation 'std::tuple<double,int,int,int,int>::tuple<std::_Unpack_tuple_t,const std::tuple<double,unsigned __int64,unsigned __int64,unsigned __int64,unsigned __int64>&,0>(_Tag,_Tpl)' being compiled
          with
          [
              _Tag=std::_Unpack_tuple_t,
              _Tpl=const std::tuple<double,unsigned __int64,unsigned __int64,unsigned __int64,unsigned __int64> &
          ]
C:\Program Files\Microsoft Visual Studio\2022\Community\VC\Tools\MSVC\14.31.31103\include\tuple(356): message : see reference to function template instantiation 'std::tuple<double,int,int,int,int>::tuple<std::_Unpack_tuple_t,const std::tuple<double,unsigned __int64,unsigned __int64,unsigned __int64,unsigned __int64>&,0>(_Tag,_Tpl)' being compiled
          with
          [
              _Tag=std::_Unpack_tuple_t,
              _Tpl=const std::tuple<double,unsigned __int64,unsigned __int64,unsigned __int64,unsigned __int64> &
          ]
C:\IBOIS57\_Code\Software\Python\compas_wood\src\cgal_box_search.h(703): message : see reference to function template instantiation 'std::tuple<double,int,int,int,int>::tuple<double,unsigned __int64,unsigned __int64,unsigned __int64,unsigned __int64,0>(const std::tuple<double,unsigned __int64,unsigned __int64,unsigned __int64,unsigned __int64> &) noexcept' being compiled
C:\IBOIS57\_Code\Software\Python\compas_wood\src\cgal_box_search.h(703): message : see reference to function template instantiation 'std::tuple<double,int,int,int,int>::tuple<double,unsigned __int64,unsigned __int64,unsigned __int64,unsigned __int64,0>(const std::tuple<double,unsigned __int64,unsigned __int64,unsigned __int64,unsigned __int64> &) noexcept' being compiled
     Creating library C:/IBOIS57/_Code/Software/Python/Pybind11Example/vsstudio/Release/pybind11module.lib and object C:/IBOIS57/_Code/Software/Python/Pybind11Example/vsstudio/Release/pybind11module.exp
  Generating code
  Finished generating code
  joinery_solver.vcxproj -> C:\IBOIS57\_Code\Software\Python\Pybind11Example\vsstudio\Release\pybind11module.cp38-win_amd64.pyd
