c:\ibois57\_code\software\raccoon_litter_box\joinery_solver\joinery_solver_rhino7\x64\release\joinery_solver_rhino7.pch
c:\ibois57\_code\software\raccoon_litter_box\joinery_solver\joinery_solver_rhino7\x64\release\vc142.pdb
c:\ibois57\_code\software\raccoon_litter_box\joinery_solver\joinery_solver_rhino7\x64\release\stdafx.obj
c:\ibois57\_code\software\raccoon_litter_box\joinery_solver\joinery_solver_rhino7\x64\release\joinery_solver_rhino7plugin.obj
c:\ibois57\_code\software\raccoon_litter_box\joinery_solver\joinery_solver_rhino7\x64\release\joinery_solver_rhino7app.obj
c:\ibois57\_code\software\raccoon_litter_box\joinery_solver\joinery_solver_rhino7\x64\release\command_get_polylines.obj
c:\ibois57\_code\software\raccoon_litter_box\joinery_solver\joinery_solver_rhino7\x64\release\connection_zones.obj
c:\ibois57\_code\software\raccoon_litter_box\joinery_solver\joinery_solver_rhino7\x64\release\clipper.obj
c:\ibois57\_code\software\raccoon_litter_box\joinery_solver\x64\release\joinery_solver_rhino7.lib
c:\ibois57\_code\software\raccoon_litter_box\joinery_solver\x64\release\joinery_solver_rhino7.exp
c:\ibois57\_code\software\raccoon_litter_box\joinery_solver\x64\release\joinery_solver_rhino7.rhp
c:\ibois57\_code\software\raccoon_litter_box\joinery_solver\x64\release\joinery_solver_rhino7.pdb
c:\ibois57\_code\software\raccoon_litter_box\joinery_solver\joinery_solver_rhino7\x64\release\joinery_solver_rhino7.res
c:\ibois57\_code\software\raccoon_litter_box\joinery_solver\joinery_solver_rhino7\x64\release\joinery_.a7e61461.tlog\cl.command.1.tlog
c:\ibois57\_code\software\raccoon_litter_box\joinery_solver\joinery_solver_rhino7\x64\release\joinery_.a7e61461.tlog\cl.read.1.tlog
c:\ibois57\_code\software\raccoon_litter_box\joinery_solver\joinery_solver_rhino7\x64\release\joinery_.a7e61461.tlog\cl.write.1.tlog
c:\ibois57\_code\software\raccoon_litter_box\joinery_solver\joinery_solver_rhino7\x64\release\joinery_.a7e61461.tlog\joinery_solver_rhino7.write.1u.tlog
c:\ibois57\_code\software\raccoon_litter_box\joinery_solver\joinery_solver_rhino7\x64\release\joinery_.a7e61461.tlog\link.command.1.tlog
c:\ibois57\_code\software\raccoon_litter_box\joinery_solver\joinery_solver_rhino7\x64\release\joinery_.a7e61461.tlog\link.read.1.tlog
c:\ibois57\_code\software\raccoon_litter_box\joinery_solver\joinery_solver_rhino7\x64\release\joinery_.a7e61461.tlog\link.write.1.tlog
c:\ibois57\_code\software\raccoon_litter_box\joinery_solver\joinery_solver_rhino7\x64\release\joinery_.a7e61461.tlog\rc.command.1.tlog
c:\ibois57\_code\software\raccoon_litter_box\joinery_solver\joinery_solver_rhino7\x64\release\joinery_.a7e61461.tlog\rc.read.1.tlog
c:\ibois57\_code\software\raccoon_litter_box\joinery_solver\joinery_solver_rhino7\x64\release\joinery_.a7e61461.tlog\rc.write.1.tlog
