c:\ibois57\_code\software\raccoon_litter_box\joinery_solver\joinery_solver_rhino6\joinery_solver_rhino6\x64\release\vc141.pdb
c:\ibois57\_code\software\raccoon_litter_box\joinery_solver\joinery_solver_rhino6\joinery_solver_rhino6\x64\release\joinery_solver_rhino6plugin.obj
c:\ibois57\_code\software\raccoon_litter_box\joinery_solver\joinery_solver_rhino6\joinery_solver_rhino6\x64\release\joinery_solver_rhino6app.obj
c:\ibois57\_code\software\raccoon_litter_box\joinery_solver\joinery_solver_rhino6\joinery_solver_rhino6\x64\release\cmdjoinery_solver_rhino6.obj
c:\ibois57\_code\software\raccoon_litter_box\joinery_solver\joinery_solver_rhino6\joinery_solver_rhino6\x64\release\command_mesh_difference.obj
c:\ibois57\_code\software\raccoon_litter_box\joinery_solver\joinery_solver_rhino6\joinery_solver_rhino6\x64\release\command_group_loft.obj
c:\ibois57\_code\software\raccoon_litter_box\joinery_solver\joinery_solver_rhino6\joinery_solver_rhino6\x64\release\command_get_polylines.obj
c:\ibois57\_code\software\raccoon_litter_box\joinery_solver\joinery_solver_rhino6\joinery_solver_rhino6\x64\release\command_get_polylines_rhino6.obj
c:\ibois57\_code\software\raccoon_litter_box\joinery_solver\joinery_solver_rhino6\joinery_solver_rhino6\x64\release\joinery_solver_rhino6.pch
c:\ibois57\_code\software\raccoon_litter_box\joinery_solver\joinery_solver_rhino6\joinery_solver_rhino6\x64\release\stdafx.obj
c:\ibois57\_code\software\raccoon_litter_box\joinery_solver\joinery_solver_rhino6\joinery_solver_rhino6\x64\release\connection_zones.obj
c:\ibois57\_code\software\raccoon_litter_box\joinery_solver\joinery_solver_rhino6\joinery_solver_rhino6\x64\release\clipper.obj
c:\ibois57\_code\software\raccoon_litter_box\joinery_solver\joinery_solver_rhino6\x64\release\joinery_solver_rhino6.lib
c:\ibois57\_code\software\raccoon_litter_box\joinery_solver\joinery_solver_rhino6\x64\release\joinery_solver_rhino6.exp
c:\ibois57\_code\software\raccoon_litter_box\joinery_solver\joinery_solver_rhino6\x64\release\joinery_solver_rhino6.rhp
c:\ibois57\_code\software\raccoon_litter_box\joinery_solver\joinery_solver_rhino6\x64\release\joinery_solver_rhino6.pdb
c:\ibois57\_code\software\raccoon_litter_box\joinery_solver\joinery_solver_rhino6\joinery_solver_rhino6\x64\release\joinery_solver_rhino6.res
c:\ibois57\_code\software\raccoon_litter_box\joinery_solver\joinery_solver_rhino6\joinery_solver_rhino6\x64\release\joinery_.18babd87.tlog\cl.command.1.tlog
c:\ibois57\_code\software\raccoon_litter_box\joinery_solver\joinery_solver_rhino6\joinery_solver_rhino6\x64\release\joinery_.18babd87.tlog\cl.read.1.tlog
c:\ibois57\_code\software\raccoon_litter_box\joinery_solver\joinery_solver_rhino6\joinery_solver_rhino6\x64\release\joinery_.18babd87.tlog\cl.write.1.tlog
c:\ibois57\_code\software\raccoon_litter_box\joinery_solver\joinery_solver_rhino6\joinery_solver_rhino6\x64\release\joinery_.18babd87.tlog\joinery_solver_rhino6.write.1u.tlog
c:\ibois57\_code\software\raccoon_litter_box\joinery_solver\joinery_solver_rhino6\joinery_solver_rhino6\x64\release\joinery_.18babd87.tlog\link.command.1.tlog
c:\ibois57\_code\software\raccoon_litter_box\joinery_solver\joinery_solver_rhino6\joinery_solver_rhino6\x64\release\joinery_.18babd87.tlog\link.read.1.tlog
c:\ibois57\_code\software\raccoon_litter_box\joinery_solver\joinery_solver_rhino6\joinery_solver_rhino6\x64\release\joinery_.18babd87.tlog\link.write.1.tlog
c:\ibois57\_code\software\raccoon_litter_box\joinery_solver\joinery_solver_rhino6\joinery_solver_rhino6\x64\release\joinery_.18babd87.tlog\rc.command.1.tlog
c:\ibois57\_code\software\raccoon_litter_box\joinery_solver\joinery_solver_rhino6\joinery_solver_rhino6\x64\release\joinery_.18babd87.tlog\rc.read.1.tlog
c:\ibois57\_code\software\raccoon_litter_box\joinery_solver\joinery_solver_rhino6\joinery_solver_rhino6\x64\release\joinery_.18babd87.tlog\rc.write.1.tlog
