c:\ibois57\_code\software\python\pybind11example\vsstudio\pybind11module.dir\release\joint.obj
c:\ibois57\_code\software\python\pybind11example\vsstudio\pybind11module.dir\release\compas.obj
c:\ibois57\_code\software\python\pybind11example\vsstudio\pybind11module.dir\release\slicer.obj
c:\ibois57\_code\software\python\pybind11example\vsstudio\pybind11module.dir\release\clipper.obj
c:\ibois57\_code\software\python\pybind11example\vsstudio\pybind11module.dir\release\compas_cgal.obj
c:\ibois57\_code\software\python\pybind11example\vsstudio\pybind11module.dir\release\connection_zones.obj
c:\ibois57\_code\software\python\pybind11example\vsstudio\pybind11module.dir\release\element.obj
c:\ibois57\_code\software\python\pybind11example\vsstudio\pybind11module.dir\release\axisplane.obj
c:\ibois57\_code\software\python\pybind11example\vsstudio\cmakefiles\generate.stamp
c:\ibois57\_code\software\python\pybind11example\vsstudio\release\pybind11module.cp38-win_amd64.pyd
c:\ibois57\_code\software\python\pybind11example\vsstudio\pybind11module.dir\release\pybind11module.cp38-win_amd64.iobj
c:\ibois57\_code\software\python\pybind11example\vsstudio\release\pybind11module.lib
c:\ibois57\_code\software\python\pybind11example\vsstudio\release\pybind11module.exp
c:\ibois57\_code\software\python\pybind11example\vsstudio\pybind11module.dir\release\pybind11module.tlog\cl.command.1.tlog
c:\ibois57\_code\software\python\pybind11example\vsstudio\pybind11module.dir\release\pybind11module.tlog\cl.read.1.tlog
c:\ibois57\_code\software\python\pybind11example\vsstudio\pybind11module.dir\release\pybind11module.tlog\cl.write.1.tlog
c:\ibois57\_code\software\python\pybind11example\vsstudio\pybind11module.dir\release\pybind11module.tlog\custombuild.command.1.tlog
c:\ibois57\_code\software\python\pybind11example\vsstudio\pybind11module.dir\release\pybind11module.tlog\custombuild.read.1.tlog
c:\ibois57\_code\software\python\pybind11example\vsstudio\pybind11module.dir\release\pybind11module.tlog\custombuild.write.1.tlog
c:\ibois57\_code\software\python\pybind11example\vsstudio\pybind11module.dir\release\pybind11module.tlog\link.command.1.tlog
c:\ibois57\_code\software\python\pybind11example\vsstudio\pybind11module.dir\release\pybind11module.tlog\link.read.1.tlog
c:\ibois57\_code\software\python\pybind11example\vsstudio\pybind11module.dir\release\pybind11module.tlog\link.write.1.tlog
c:\ibois57\_code\software\python\pybind11example\vsstudio\pybind11module.dir\release\pybind11module.tlog\pybind11module.write.1u.tlog
